<?xml version="1.0" encoding="UTF-8"?>
<!-- Generated by org.testng.reporters.JUnitXMLReporter -->
<testsuite ignored="0" hostname="FVFHXBDLQ6LR" failures="0" tests="4" name="Default test" time="56.936" errors="0" timestamp="2023-05-15T10:49:51 IST">
  <testcase classname="testngpackage.Assignment3" name="launchapp" time="0.75"/>
  <testcase classname="testngpackage.Assignment3" name="test01" time="25.662"/>
  <testcase classname="testngpackage.Assignment3" name="test02" time="16.976"/>
  <testcase classname="testngpackage.Assignment3" name="test03" time="13.428"/>
</testsuite> <!-- Default test -->
